<?xml version="1.0" encoding="UTF-8"?>
<!-- Generated by org.testng.reporters.JUnitXMLReporter -->
<testsuite ignored="6" hostname="DESKTOP-UNKIUAD" failures="0" tests="3" name="TestNG_Group" time="0.105" errors="0" timestamp="2023-05-29T20:12:27 IST">
  <testcase classname="testNG.Grouping" name="loginByfacebook" time="0.016"/>
  <testcase classname="testNG.Grouping" name="loginBytwitter" time="0.002"/>
  <testcase classname="testNG.Grouping" name="paymentindollar" time="0.001"/>
  <testcase classname="testNG.Grouping" name="paymentinrupees" time="0.0">
    <ignored/>
  </testcase> <!-- paymentinrupees -->
  <testcase classname="testNG.Grouping" name="signupbyemail" time="0.0">
    <ignored/>
  </testcase> <!-- signupbyemail -->
  <testcase classname="testNG.Grouping" name="signupbytwitter" time="0.0">
    <ignored/>
  </testcase> <!-- signupbytwitter -->
  <testcase classname="testNG.Grouping" name="paymentReturnbyBank" time="0.0">
    <ignored/>
  </testcase> <!-- paymentReturnbyBank -->
  <testcase classname="testNG.Grouping" name="signupbyfacebook" time="0.0">
    <ignored/>
  </testcase> <!-- signupbyfacebook -->
  <testcase classname="testNG.Grouping" name="loginByEmail" time="0.0">
    <ignored/>
  </testcase> <!-- loginByEmail -->
</testsuite> <!-- TestNG_Group -->
