<?xml version="1.0" encoding="UTF-8"?>
<testng-results ignored="0" total="2" passed="2" failed="0" skipped="0">
  <reporter-output>
  </reporter-output>
  <suite started-at="2023-06-01T17:50:28 IST" name="Default suite" finished-at="2023-06-01T17:50:44 IST" duration-ms="15236">
    <groups>
    </groups>
    <test started-at="2023-06-01T17:50:28 IST" name="Default test" finished-at="2023-06-01T17:50:44 IST" duration-ms="15236">
      <class name="pageobjectmodel.Login_Test">
        <test-method is-config="true" signature="setup()[pri:0, instance:pageobjectmodel.Login_Test@66f57048]" started-at="2023-06-01T17:50:28 IST" name="setup" finished-at="2023-06-01T17:50:41 IST" duration-ms="12187" status="PASS">
          <reporter-output>
          </reporter-output>
        </test-method> <!-- setup -->
        <test-method signature="testLogo()[pri:1, instance:pageobjectmodel.Login_Test@66f57048]" started-at="2023-06-01T17:50:41 IST" name="testLogo" finished-at="2023-06-01T17:50:41 IST" duration-ms="99" status="PASS">
          <reporter-output>
          </reporter-output>
        </test-method> <!-- testLogo -->
        <test-method signature="testLogin()[pri:2, instance:pageobjectmodel.Login_Test@66f57048]" started-at="2023-06-01T17:50:41 IST" name="testLogin" finished-at="2023-06-01T17:50:42 IST" duration-ms="1535" status="PASS">
          <reporter-output>
          </reporter-output>
        </test-method> <!-- testLogin -->
        <test-method is-config="true" signature="tearDown()[pri:0, instance:pageobjectmodel.Login_Test@66f57048]" started-at="2023-06-01T17:50:42 IST" name="tearDown" finished-at="2023-06-01T17:50:44 IST" duration-ms="1351" status="PASS">
          <reporter-output>
          </reporter-output>
        </test-method> <!-- tearDown -->
      </class> <!-- pageobjectmodel.Login_Test -->
    </test> <!-- Default test -->
  </suite> <!-- Default suite -->
</testng-results>
